{"/Users/gkivanc/PerfAnalytics/perf-analytics-api/models.js": {"path":"/Users/gkivanc/PerfAnalytics/perf-analytics-api/models.js","statementMap":{"0":{"start":{"line":1,"column":17},"end":{"line":1,"column":36}},"1":{"start":{"line":2,"column":15},"end":{"line":2,"column":30}},"2":{"start":{"line":4,"column":24},"end":{"line":27,"column":2}},"3":{"start":{"line":29,"column":18},"end":{"line":29,"column":61}},"4":{"start":{"line":31,"column":0},"end":{"line":31,"column":27}}},"fnMap":{},"branchMap":{},"s":{"0":1,"1":1,"2":1,"3":1,"4":1},"f":{},"b":{},"_coverageSchema":"1a1c01bbd47fc00a2c39e90264f33305004495a9","hash":"d1cb5a038553e4278267cdfc3850fe47532248f3"}
,"/Users/gkivanc/PerfAnalytics/perf-analytics-api/server.js": {"path":"/Users/gkivanc/PerfAnalytics/perf-analytics-api/server.js","statementMap":{"0":{"start":{"line":1,"column":16},"end":{"line":1,"column":34}},"1":{"start":{"line":2,"column":12},"end":{"line":2,"column":21}},"2":{"start":{"line":3,"column":13},"end":{"line":3,"column":28}},"3":{"start":{"line":4,"column":15},"end":{"line":4,"column":32}},"4":{"start":{"line":5,"column":19},"end":{"line":5,"column":41}},"5":{"start":{"line":6,"column":17},"end":{"line":6,"column":36}},"6":{"start":{"line":8,"column":18},"end":{"line":8,"column":37}},"7":{"start":{"line":10,"column":17},"end":{"line":10,"column":28}},"8":{"start":{"line":11,"column":13},"end":{"line":11,"column":17}},"9":{"start":{"line":12,"column":12},"end":{"line":12,"column":39}},"10":{"start":{"line":13,"column":16},"end":{"line":13,"column":37}},"11":{"start":{"line":15,"column":0},"end":{"line":17,"column":2}},"12":{"start":{"line":16,"column":2},"end":{"line":16,"column":53}},"13":{"start":{"line":19,"column":16},"end":{"line":26,"column":1}},"14":{"start":{"line":28,"column":19},"end":{"line":28,"column":20}},"15":{"start":{"line":30,"column":0},"end":{"line":30,"column":23}},"16":{"start":{"line":31,"column":0},"end":{"line":31,"column":52}},"17":{"start":{"line":32,"column":0},"end":{"line":32,"column":27}},"18":{"start":{"line":34,"column":0},"end":{"line":34,"column":47}},"19":{"start":{"line":36,"column":0},"end":{"line":99,"column":5}},"20":{"start":{"line":37,"column":2},"end":{"line":37,"column":22}},"21":{"start":{"line":38,"column":2},"end":{"line":43,"column":3}},"22":{"start":{"line":39,"column":4},"end":{"line":39,"column":11}},"23":{"start":{"line":41,"column":4},"end":{"line":41,"column":25}},"24":{"start":{"line":42,"column":4},"end":{"line":42,"column":14}},"25":{"start":{"line":47,"column":4},"end":{"line":47,"column":25}},"26":{"start":{"line":48,"column":35},"end":{"line":48,"column":44}},"27":{"start":{"line":50,"column":18},"end":{"line":62,"column":18}},"28":{"start":{"line":63,"column":4},"end":{"line":70,"column":7}},"29":{"start":{"line":64,"column":6},"end":{"line":69,"column":7}},"30":{"start":{"line":65,"column":8},"end":{"line":65,"column":29}},"31":{"start":{"line":66,"column":8},"end":{"line":66,"column":38}},"32":{"start":{"line":68,"column":8},"end":{"line":68,"column":43}},"33":{"start":{"line":74,"column":4},"end":{"line":74,"column":24}},"34":{"start":{"line":75,"column":4},"end":{"line":75,"column":26}},"35":{"start":{"line":76,"column":4},"end":{"line":98,"column":7}},"36":{"start":{"line":77,"column":53},"end":{"line":77,"column":61}},"37":{"start":{"line":78,"column":6},"end":{"line":78,"column":29}},"38":{"start":{"line":79,"column":6},"end":{"line":79,"column":47}},"39":{"start":{"line":80,"column":27},"end":{"line":86,"column":8}},"40":{"start":{"line":87,"column":6},"end":{"line":97,"column":8}},"41":{"start":{"line":88,"column":8},"end":{"line":96,"column":9}},"42":{"start":{"line":89,"column":10},"end":{"line":89,"column":31}},"43":{"start":{"line":90,"column":10},"end":{"line":90,"column":27}},"44":{"start":{"line":91,"column":10},"end":{"line":91,"column":20}},"45":{"start":{"line":93,"column":10},"end":{"line":93,"column":44}},"46":{"start":{"line":94,"column":10},"end":{"line":94,"column":31}},"47":{"start":{"line":95,"column":10},"end":{"line":95,"column":20}},"48":{"start":{"line":101,"column":15},"end":{"line":101,"column":37}},"49":{"start":{"line":103,"column":0},"end":{"line":105,"column":2}},"50":{"start":{"line":104,"column":2},"end":{"line":104,"column":73}},"51":{"start":{"line":107,"column":0},"end":{"line":107,"column":21}}},"fnMap":{"0":{"name":"(anonymous_0)","decl":{"start":{"line":15,"column":13},"end":{"line":15,"column":14}},"loc":{"start":{"line":15,"column":21},"end":{"line":17,"column":1}},"line":15},"1":{"name":"(anonymous_1)","decl":{"start":{"line":36,"column":13},"end":{"line":36,"column":14}},"loc":{"start":{"line":36,"column":33},"end":{"line":45,"column":1}},"line":36},"2":{"name":"(anonymous_2)","decl":{"start":{"line":46,"column":13},"end":{"line":46,"column":14}},"loc":{"start":{"line":46,"column":27},"end":{"line":71,"column":3}},"line":46},"3":{"name":"(anonymous_3)","decl":{"start":{"line":63,"column":15},"end":{"line":63,"column":16}},"loc":{"start":{"line":63,"column":34},"end":{"line":70,"column":5}},"line":63},"4":{"name":"(anonymous_4)","decl":{"start":{"line":73,"column":14},"end":{"line":73,"column":15}},"loc":{"start":{"line":73,"column":28},"end":{"line":99,"column":3}},"line":73},"5":{"name":"(anonymous_5)","decl":{"start":{"line":76,"column":21},"end":{"line":76,"column":22}},"loc":{"start":{"line":76,"column":35},"end":{"line":98,"column":5}},"line":76},"6":{"name":"(anonymous_6)","decl":{"start":{"line":87,"column":24},"end":{"line":87,"column":25}},"loc":{"start":{"line":87,"column":43},"end":{"line":97,"column":7}},"line":87},"7":{"name":"(anonymous_7)","decl":{"start":{"line":103,"column":30},"end":{"line":103,"column":31}},"loc":{"start":{"line":103,"column":36},"end":{"line":105,"column":1}},"line":103}},"branchMap":{"0":{"loc":{"start":{"line":38,"column":2},"end":{"line":43,"column":3}},"type":"if","locations":[{"start":{"line":38,"column":2},"end":{"line":43,"column":3}},{"start":{"line":38,"column":2},"end":{"line":43,"column":3}}],"line":38},"1":{"loc":{"start":{"line":38,"column":7},"end":{"line":38,"column":80}},"type":"binary-expr","locations":[{"start":{"line":38,"column":7},"end":{"line":38,"column":27}},{"start":{"line":38,"column":31},"end":{"line":38,"column":52}},{"start":{"line":38,"column":56},"end":{"line":38,"column":80}}],"line":38},"2":{"loc":{"start":{"line":64,"column":6},"end":{"line":69,"column":7}},"type":"if","locations":[{"start":{"line":64,"column":6},"end":{"line":69,"column":7}},{"start":{"line":64,"column":6},"end":{"line":69,"column":7}}],"line":64},"3":{"loc":{"start":{"line":88,"column":8},"end":{"line":96,"column":9}},"type":"if","locations":[{"start":{"line":88,"column":8},"end":{"line":96,"column":9}},{"start":{"line":88,"column":8},"end":{"line":96,"column":9}}],"line":88}},"s":{"0":1,"1":1,"2":1,"3":1,"4":1,"5":1,"6":1,"7":1,"8":1,"9":1,"10":1,"11":1,"12":1,"13":1,"14":1,"15":1,"16":1,"17":1,"18":1,"19":1,"20":9,"21":9,"22":7,"23":2,"24":2,"25":3,"26":3,"27":3,"28":3,"29":3,"30":1,"31":1,"32":2,"33":4,"34":4,"35":4,"36":3,"37":3,"38":3,"39":3,"40":3,"41":3,"42":1,"43":1,"44":1,"45":2,"46":2,"47":2,"48":1,"49":1,"50":1,"51":1},"f":{"0":1,"1":9,"2":3,"3":3,"4":4,"5":3,"6":3,"7":1},"b":{"0":[7,2],"1":[9,6,2],"2":[1,2],"3":[1,2]},"_coverageSchema":"1a1c01bbd47fc00a2c39e90264f33305004495a9","hash":"d92101add0697731cdf818a6edf43693c2cb2193"}
}
