TN:
SF:models.js
FNF:0
FNH:0
DA:1,1
DA:2,1
DA:4,1
DA:29,1
DA:31,1
LF:5
LH:5
BRF:0
BRH:0
end_of_record
TN:
SF:server.js
FN:15,(anonymous_0)
FN:36,(anonymous_1)
FN:46,(anonymous_2)
FN:63,(anonymous_3)
FN:73,(anonymous_4)
FN:76,(anonymous_5)
FN:87,(anonymous_6)
FN:103,(anonymous_7)
FNF:8
FNH:8
FNDA:1,(anonymous_0)
FNDA:9,(anonymous_1)
FNDA:3,(anonymous_2)
FNDA:3,(anonymous_3)
FNDA:4,(anonymous_4)
FNDA:3,(anonymous_5)
FNDA:3,(anonymous_6)
FNDA:1,(anonymous_7)
DA:1,1
DA:2,1
DA:3,1
DA:4,1
DA:5,1
DA:6,1
DA:8,1
DA:10,1
DA:11,1
DA:12,1
DA:13,1
DA:15,1
DA:16,1
DA:19,1
DA:28,1
DA:30,1
DA:31,1
DA:32,1
DA:34,1
DA:36,1
DA:37,9
DA:38,9
DA:39,7
DA:41,2
DA:42,2
DA:47,3
DA:48,3
DA:50,3
DA:63,3
DA:64,3
DA:65,1
DA:66,1
DA:68,2
DA:74,4
DA:75,4
DA:76,4
DA:77,3
DA:78,3
DA:79,3
DA:80,3
DA:87,3
DA:88,3
DA:89,1
DA:90,1
DA:91,1
DA:93,2
DA:94,2
DA:95,2
DA:101,1
DA:103,1
DA:104,1
DA:107,1
LF:52
LH:52
BRDA:38,0,0,7
BRDA:38,0,1,2
BRDA:38,1,0,9
BRDA:38,1,1,6
BRDA:38,1,2,2
BRDA:64,2,0,1
BRDA:64,2,1,2
BRDA:88,3,0,1
BRDA:88,3,1,2
BRF:9
BRH:9
end_of_record
